This is pdfTeX, Version 3.14159265-2.6-1.40.18 (MiKTeX 2.9.6350 64-bit) (preloaded format=pdflatex 2017.7.26)  26 JUL 2017 22:13
entering extended mode
**./notebook.tex
(notebook.tex
LaTeX2e <2017-04-15>
Babel <3.10> and hyphenation patterns for 75 language(s) loaded.
("C:\Program Files\MiKTeX 2.9\tex\latex\extsizes\extarticle.cls"
Document Class: extarticle 1996/10/08 v1.0 Non Standard LaTeX document class
("C:\Program Files\MiKTeX 2.9\tex\latex\base\size10.clo"
File: size10.clo 2014/09/29 v1.4h Standard LaTeX file (size option)
)
("C:\Program Files\MiKTeX 2.9\tex\latex\base\exscale.sty"
Package: exscale 2014/09/29 v2.1h Standard LaTeX package exscale
LaTeX Font Info:    Redeclaring symbol font `largesymbols' on input line 57.
LaTeX Font Info:    Overwriting symbol font `largesymbols' in version `normal'
(Font)                  OMX/cmex/m/n --> OMX/cmex/m/n on input line 57.
LaTeX Font Info:    Overwriting symbol font `largesymbols' in version `bold'
(Font)                  OMX/cmex/m/n --> OMX/cmex/m/n on input line 57.
\big@size=\dimen102
)
\c@part=\count79
\c@section=\count80
\c@subsection=\count81
\c@subsubsection=\count82
\c@paragraph=\count83
\c@subparagraph=\count84
\c@figure=\count85
\c@table=\count86
\abovecaptionskip=\skip41
\belowcaptionskip=\skip42
\bibindent=\dimen103
)
("C:\Program Files\MiKTeX 2.9\tex\latex\geometry\geometry.sty"
Package: geometry 2010/09/12 v5.6 Page Geometry

("C:\Program Files\MiKTeX 2.9\tex\latex\graphics\keyval.sty"
Package: keyval 2014/10/28 v1.15 key=value parser (DPC)
\KV@toks@=\toks14
)
("C:\Program Files\MiKTeX 2.9\tex\generic\oberdiek\ifpdf.sty"
Package: ifpdf 2017/03/15 v3.2 Provides the ifpdf switch
)
("C:\Program Files\MiKTeX 2.9\tex\generic\oberdiek\ifvtex.sty"
Package: ifvtex 2016/05/16 v1.6 Detect VTeX and its facilities (HO)
Package ifvtex Info: VTeX not detected.
)
("C:\Program Files\MiKTeX 2.9\tex\generic\ifxetex\ifxetex.sty"
Package: ifxetex 2010/09/12 v0.6 Provides ifxetex conditional
)
\Gm@cnth=\count87
\Gm@cntv=\count88
\c@Gm@tempcnt=\count89
\Gm@bindingoffset=\dimen104
\Gm@wd@mp=\dimen105
\Gm@odd@mp=\dimen106
\Gm@even@mp=\dimen107
\Gm@layoutwidth=\dimen108
\Gm@layoutheight=\dimen109
\Gm@layouthoffset=\dimen110
\Gm@layoutvoffset=\dimen111
\Gm@dimlist=\toks15

("C:\Program Files\MiKTeX 2.9\tex\latex\geometry\geometry.cfg"))
("C:\Program Files\MiKTeX 2.9\tex\latex\hyperref\hyperref.sty"
Package: hyperref 2017/03/14 v6.85a Hypertext links for LaTeX

("C:\Program Files\MiKTeX 2.9\tex\generic\oberdiek\hobsub-hyperref.sty"
Package: hobsub-hyperref 2016/05/16 v1.14 Bundle oberdiek, subset hyperref (HO)


("C:\Program Files\MiKTeX 2.9\tex\generic\oberdiek\hobsub-generic.sty"
Package: hobsub-generic 2016/05/16 v1.14 Bundle oberdiek, subset generic (HO)
Package: hobsub 2016/05/16 v1.14 Construct package bundles (HO)
Package: infwarerr 2016/05/16 v1.4 Providing info/warning/error messages (HO)
Package: ltxcmds 2016/05/16 v1.23 LaTeX kernel commands for general use (HO)
Package: ifluatex 2016/05/16 v1.4 Provides the ifluatex switch (HO)
Package ifluatex Info: LuaTeX not detected.
Package hobsub Info: Skipping package `ifvtex' (already loaded).
Package: intcalc 2016/05/16 v1.2 Expandable calculations with integers (HO)
Package hobsub Info: Skipping package `ifpdf' (already loaded).
Package: etexcmds 2016/05/16 v1.6 Avoid name clashes with e-TeX commands (HO)
Package etexcmds Info: Could not find \expanded.
(etexcmds)             That can mean that you are not using pdfTeX 1.50 or
(etexcmds)             that some package has redefined \expanded.
(etexcmds)             In the latter case, load this package earlier.
Package: kvsetkeys 2016/05/16 v1.17 Key value parser (HO)
Package: kvdefinekeys 2016/05/16 v1.4 Define keys (HO)
Package: pdftexcmds 2017/03/19 v0.25 Utility functions of pdfTeX for LuaTeX (HO
)
Package pdftexcmds Info: LuaTeX not detected.
Package pdftexcmds Info: \pdf@primitive is available.
Package pdftexcmds Info: \pdf@ifprimitive is available.
Package pdftexcmds Info: \pdfdraftmode found.
Package: pdfescape 2016/05/16 v1.14 Implements pdfTeX's escape features (HO)
Package: bigintcalc 2016/05/16 v1.4 Expandable calculations on big integers (HO
)
Package: bitset 2016/05/16 v1.2 Handle bit-vector datatype (HO)
Package: uniquecounter 2016/05/16 v1.3 Provide unlimited unique counter (HO)
)
Package hobsub Info: Skipping package `hobsub' (already loaded).
Package: letltxmacro 2016/05/16 v1.5 Let assignment for LaTeX macros (HO)
Package: hopatch 2016/05/16 v1.3 Wrapper for package hooks (HO)
Package: xcolor-patch 2016/05/16 xcolor patch
Package: atveryend 2016/05/16 v1.9 Hooks at the very end of document (HO)
Package atveryend Info: \enddocument detected (standard20110627).
Package: atbegshi 2016/06/09 v1.18 At begin shipout hook (HO)
Package: refcount 2016/05/16 v3.5 Data extraction from label references (HO)
Package: hycolor 2016/05/16 v1.8 Color options for hyperref/bookmark (HO)
)
("C:\Program Files\MiKTeX 2.9\tex\latex\oberdiek\auxhook.sty"
Package: auxhook 2016/05/16 v1.4 Hooks for auxiliary files (HO)
)
("C:\Program Files\MiKTeX 2.9\tex\latex\oberdiek\kvoptions.sty"
Package: kvoptions 2016/05/16 v3.12 Key value format for package options (HO)
)
\@linkdim=\dimen112
\Hy@linkcounter=\count90
\Hy@pagecounter=\count91

("C:\Program Files\MiKTeX 2.9\tex\latex\hyperref\pd1enc.def"
File: pd1enc.def 2017/03/14 v6.85a Hyperref: PDFDocEncoding definition (HO)
)
\Hy@SavedSpaceFactor=\count92

("C:\Program Files\MiKTeX 2.9\tex\latex\00miktex\hyperref.cfg"
File: hyperref.cfg 2002/06/06 v1.2 hyperref configuration of TeXLive
)
Package hyperref Info: Hyper figures OFF on input line 4498.
Package hyperref Info: Link nesting OFF on input line 4503.
Package hyperref Info: Hyper index ON on input line 4506.
Package hyperref Info: Plain pages OFF on input line 4513.
Package hyperref Info: Backreferencing OFF on input line 4518.
Package hyperref Info: Implicit mode ON; LaTeX internals redefined.
Package hyperref Info: Bookmarks ON on input line 4751.
\c@Hy@tempcnt=\count93

("C:\Program Files\MiKTeX 2.9\tex\latex\url\url.sty"
\Urlmuskip=\muskip10
Package: url 2013/09/16  ver 3.4  Verb mode for urls, etc.
)
LaTeX Info: Redefining \url on input line 5104.
\XeTeXLinkMargin=\dimen113
\Fld@menulength=\count94
\Field@Width=\dimen114
\Fld@charsize=\dimen115
Package hyperref Info: Hyper figures OFF on input line 6358.
Package hyperref Info: Link nesting OFF on input line 6363.
Package hyperref Info: Hyper index ON on input line 6366.
Package hyperref Info: backreferencing OFF on input line 6373.
Package hyperref Info: Link coloring OFF on input line 6378.
Package hyperref Info: Link coloring with OCG OFF on input line 6383.
Package hyperref Info: PDF/A mode OFF on input line 6388.
LaTeX Info: Redefining \ref on input line 6428.
LaTeX Info: Redefining \pageref on input line 6432.
\Hy@abspage=\count95
\c@Item=\count96
\c@Hfootnote=\count97
)

Package hyperref Message: Driver (autodetected): hpdftex.

("C:\Program Files\MiKTeX 2.9\tex\latex\hyperref\hpdftex.def"
File: hpdftex.def 2017/03/14 v6.85a Hyperref driver for pdfTeX
\Fld@listcount=\count98
\c@bookmark@seq@number=\count99

("C:\Program Files\MiKTeX 2.9\tex\latex\oberdiek\rerunfilecheck.sty"
Package: rerunfilecheck 2016/05/16 v1.8 Rerun checks for auxiliary files (HO)
Package uniquecounter Info: New unique counter `rerunfilecheck' on input line 2
82.
)
\Hy@SectionHShift=\skip43
)
("C:\Program Files\MiKTeX 2.9\tex\latex\fancyhdr\fancyhdr.sty"
Package: fancyhdr 2017/06/30 v3.9a Extensive control of page headers and footer
s
\f@nch@headwidth=\skip44
\f@nch@O@elh=\skip45
\f@nch@O@erh=\skip46
\f@nch@O@olh=\skip47
\f@nch@O@orh=\skip48
\f@nch@O@elf=\skip49
\f@nch@O@erf=\skip50
\f@nch@O@olf=\skip51
\f@nch@O@orf=\skip52
)
("C:\Program Files\MiKTeX 2.9\tex\latex\listings\listings.sty"
\lst@mode=\count100
\lst@gtempboxa=\box26
\lst@token=\toks16
\lst@length=\count101
\lst@currlwidth=\dimen116
\lst@column=\count102
\lst@pos=\count103
\lst@lostspace=\dimen117
\lst@width=\dimen118
\lst@newlines=\count104
\lst@lineno=\count105
\lst@maxwidth=\dimen119

("C:\Program Files\MiKTeX 2.9\tex\latex\listings\lstmisc.sty"
File: lstmisc.sty 2015/06/04 1.6 (Carsten Heinz)
\c@lstnumber=\count106
\lst@skipnumbers=\count107
\lst@framebox=\box27
)
("C:\Program Files\MiKTeX 2.9\tex\latex\listings\listings.cfg"
File: listings.cfg 2015/06/04 1.6 listings configuration
))
Package: listings 2015/06/04 1.6 (Carsten Heinz)

("C:\Program Files\MiKTeX 2.9\tex\latex\xcolor\xcolor.sty"
Package: xcolor 2016/05/11 v2.12 LaTeX color extensions (UK)

("C:\Program Files\MiKTeX 2.9\tex\latex\graphics-cfg\color.cfg"
File: color.cfg 2016/01/02 v1.6 sample color configuration
)
Package xcolor Info: Driver file: pdftex.def on input line 225.

("C:\Program Files\MiKTeX 2.9\tex\latex\graphics-def\pdftex.def"
File: pdftex.def 2017/01/12 v0.06k Graphics/color for pdfTeX
\Gread@gobject=\count108
)
Package xcolor Info: Model `cmy' substituted by `cmy0' on input line 1348.
Package xcolor Info: Model `hsb' substituted by `rgb' on input line 1352.
Package xcolor Info: Model `RGB' extended on input line 1364.
Package xcolor Info: Model `HTML' substituted by `rgb' on input line 1366.
Package xcolor Info: Model `Hsb' substituted by `hsb' on input line 1367.
Package xcolor Info: Model `tHsb' substituted by `hsb' on input line 1368.
Package xcolor Info: Model `HSB' substituted by `hsb' on input line 1369.
Package xcolor Info: Model `Gray' substituted by `gray' on input line 1370.
Package xcolor Info: Model `wave' substituted by `hsb' on input line 1371.
)
("C:\Program Files\MiKTeX 2.9\tex\latex\tocloft\tocloft.sty"
Package: tocloft 2013/05/02 v2.3f parameterised ToC, etc., typesetting
Package tocloft Info: The document has section divisions on input line 44.
\cftparskip=\skip53
\cftbeforetoctitleskip=\skip54
\cftaftertoctitleskip=\skip55
\cftbeforepartskip=\skip56
\cftpartnumwidth=\skip57
\cftpartindent=\skip58
\cftbeforesecskip=\skip59
\cftsecindent=\skip60
\cftsecnumwidth=\skip61
\cftbeforesubsecskip=\skip62
\cftsubsecindent=\skip63
\cftsubsecnumwidth=\skip64
\cftbeforesubsubsecskip=\skip65
\cftsubsubsecindent=\skip66
\cftsubsubsecnumwidth=\skip67
\cftbeforeparaskip=\skip68
\cftparaindent=\skip69
\cftparanumwidth=\skip70
\cftbeforesubparaskip=\skip71
\cftsubparaindent=\skip72
\cftsubparanumwidth=\skip73
\cftbeforeloftitleskip=\skip74
\cftafterloftitleskip=\skip75
\cftbeforefigskip=\skip76
\cftfigindent=\skip77
\cftfignumwidth=\skip78
\c@lofdepth=\count109
\c@lotdepth=\count110
\cftbeforelottitleskip=\skip79
\cftafterlottitleskip=\skip80
\cftbeforetabskip=\skip81
\cfttabindent=\skip82
\cfttabnumwidth=\skip83
)
("C:\Program Files\MiKTeX 2.9\tex\latex\oberdiek\pdflscape.sty"
Package: pdflscape 2016/05/14 v0.11 Display of landscape pages in PDF (HO)

("C:\Program Files\MiKTeX 2.9\tex\latex\graphics\lscape.sty"
Package: lscape 2000/10/22 v3.01 Landscape Pages (DPC)

("C:\Program Files\MiKTeX 2.9\tex\latex\graphics\graphics.sty"
Package: graphics 2017/04/14 v1.1b Standard LaTeX Graphics (DPC,SPQR)

("C:\Program Files\MiKTeX 2.9\tex\latex\graphics\trig.sty"
Package: trig 2016/01/03 v1.10 sin cos tan (DPC)
)
("C:\Program Files\MiKTeX 2.9\tex\latex\graphics-cfg\graphics.cfg"
File: graphics.cfg 2016/06/04 v1.11 sample graphics configuration
)
Package graphics Info: Driver file: pdftex.def on input line 99.
))
Package pdflscape Info: Auto-detected driver: pdftex on input line 81.
)
("C:\Program Files\MiKTeX 2.9\tex\latex\tools\multicol.sty"
Package: multicol 2017/04/11 v1.8q multicolumn formatting (FMi)
\c@tracingmulticols=\count111
\mult@box=\box28
\multicol@leftmargin=\dimen120
\c@unbalance=\count112
\c@collectmore=\count113
\doublecol@number=\count114
\multicoltolerance=\count115
\multicolpretolerance=\count116
\full@width=\dimen121
\page@free=\dimen122
\premulticols=\dimen123
\postmulticols=\dimen124
\multicolsep=\skip84
\multicolbaselineskip=\skip85
\partial@page=\box29
\last@line=\box30
\maxbalancingoverflow=\dimen125
\mult@rightbox=\box31
\mult@grightbox=\box32
\mult@gfirstbox=\box33
\mult@firstbox=\box34
\@tempa=\box35
\@tempa=\box36
\@tempa=\box37
\@tempa=\box38
\@tempa=\box39
\@tempa=\box40
\@tempa=\box41
\@tempa=\box42
\@tempa=\box43
\@tempa=\box44
\@tempa=\box45
\@tempa=\box46
\@tempa=\box47
\@tempa=\box48
\@tempa=\box49
\@tempa=\box50
\@tempa=\box51
\c@columnbadness=\count117
\c@finalcolumnbadness=\count118
\last@try=\dimen126
\multicolovershoot=\dimen127
\multicolundershoot=\dimen128
\mult@nat@firstbox=\box52
\colbreak@box=\box53
\mc@col@check@num=\count119
)

LaTeX Warning: Unused global option(s):
    [pt].

(notebook.aux)
\openout1 = `notebook.aux'.

LaTeX Font Info:    Checking defaults for OML/cmm/m/it on input line 71.
LaTeX Font Info:    ... okay on input line 71.
LaTeX Font Info:    Checking defaults for T1/cmr/m/n on input line 71.
LaTeX Font Info:    ... okay on input line 71.
LaTeX Font Info:    Checking defaults for OT1/cmr/m/n on input line 71.
LaTeX Font Info:    ... okay on input line 71.
LaTeX Font Info:    Checking defaults for OMS/cmsy/m/n on input line 71.
LaTeX Font Info:    ... okay on input line 71.
LaTeX Font Info:    Checking defaults for OMX/cmex/m/n on input line 71.
LaTeX Font Info:    ... okay on input line 71.
LaTeX Font Info:    Checking defaults for U/cmr/m/n on input line 71.
LaTeX Font Info:    ... okay on input line 71.
LaTeX Font Info:    Checking defaults for PD1/pdf/m/n on input line 71.
LaTeX Font Info:    ... okay on input line 71.

*geometry* driver: auto-detecting
*geometry* detected driver: pdftex
*geometry* verbose mode - [ preamble ] result:
* driver: pdftex
* paper: <default>
* layout: <same size as paper>
* layoutoffset:(h,v)=(0.0pt,0.0pt)
* modes: 
* h-part:(L,W,R)=(28.90755pt, 556.4799pt, 28.90755pt)
* v-part:(T,H,B)=(50.58878pt, 715.47366pt, 28.90755pt)
* \paperwidth=614.295pt
* \paperheight=794.96999pt
* \textwidth=556.4799pt
* \textheight=715.47366pt
* \oddsidemargin=-43.36244pt
* \evensidemargin=-43.36244pt
* \topmargin=-58.68121pt
* \headheight=12.0pt
* \headsep=25.0pt
* \topskip=10.0pt
* \footskip=30.0pt
* \marginparwidth=65.0pt
* \marginparsep=11.0pt
* \columnsep=10.0pt
* \skip\footins=9.0pt plus 4.0pt minus 2.0pt
* \hoffset=0.0pt
* \voffset=0.0pt
* \mag=1000
* \@twocolumnfalse
* \@twosidefalse
* \@mparswitchfalse
* \@reversemarginfalse
* (1in=72.27pt=25.4mm, 1cm=28.453pt)

\AtBeginShipoutBox=\box54
Package hyperref Info: Link coloring OFF on input line 71.
("C:\Program Files\MiKTeX 2.9\tex\latex\hyperref\nameref.sty"
Package: nameref 2016/05/21 v2.44 Cross-referencing by name of section

("C:\Program Files\MiKTeX 2.9\tex\generic\oberdiek\gettitlestring.sty"
Package: gettitlestring 2016/05/16 v1.5 Cleanup title references (HO)
)
\c@section@level=\count120
)
LaTeX Info: Redefining \ref on input line 71.
LaTeX Info: Redefining \pageref on input line 71.
LaTeX Info: Redefining \nameref on input line 71.

(notebook.out) (notebook.out)
\@outlinefile=\write3
\openout3 = `notebook.out'.

\c@lstlisting=\count121

("C:\Program Files\MiKTeX 2.9\tex\context\base\supp-pdf.mkii"
[Loading MPS to PDF converter (version 2006.09.02).]
\scratchcounter=\count122
\scratchdimen=\dimen129
\scratchbox=\box55
\nofMPsegments=\count123
\nofMParguments=\count124
\everyMPshowfont=\toks17
\MPscratchCnt=\count125
\MPscratchDim=\dimen130
\MPnumerator=\count126
\makeMPintoPDFobject=\count127
\everyMPtoPDFconversion=\toks18
) ("C:\Program Files\MiKTeX 2.9\tex\latex\oberdiek\epstopdf-base.sty"
Package: epstopdf-base 2016/05/15 v2.6 Base part for package epstopdf

("C:\Program Files\MiKTeX 2.9\tex\latex\oberdiek\grfext.sty"
Package: grfext 2016/05/16 v1.2 Manage graphics extensions (HO)
)
Package epstopdf-base Info: Redefining graphics rule for `.eps' on input line 4
38.
Package grfext Info: Graphics extension search list:
(grfext)             [.png,.pdf,.jpg,.mps,.jpeg,.jbig2,.jb2,.PNG,.PDF,.JPG,.JPE
G,.JBIG2,.JB2,.eps]
(grfext)             \AppendGraphicsExtensions on input line 456.
)
LaTeX Font Info:    External font `cmex7' loaded for size
(Font)              <6> on input line 76.
 (notebook.toc
LaTeX Font Info:    External font `cmex7' loaded for size
(Font)              <7> on input line 1.
LaTeX Font Info:    External font `cmex7' loaded for size
(Font)              <5> on input line 1.
)
\tf@toc=\write4
\openout4 = `notebook.toc'.


(contents.tex ("C:\Program Files\MiKTeX 2.9\tex\latex\listings\lstlang1.sty"
File: lstlang1.sty 2015/06/04 1.6 listings language file
)
("C:\Program Files\MiKTeX 2.9\tex\latex\listings\lstlang1.sty"
File: lstlang1.sty 2015/06/04 1.6 listings language file
)
("C:\Program Files\MiKTeX 2.9\tex\latex\listings\lstmisc.sty"
File: lstmisc.sty 2015/06/04 1.6 (Carsten Heinz)
)
Package hyperref Info: bookmark level for unknown lstlisting defaults to 0 on i
nput line 3.
LaTeX Font Info:    Try loading font information for OT1+pcr on input line 3.

("C:\Program Files\MiKTeX 2.9\tex\latex\psnfss\ot1pcr.fd"
File: ot1pcr.fd 2001/06/04 font definitions for OT1/pcr.
)
(code/articulation_points.cpp
LaTeX Font Info:    Font shape `OT1/pcr/m/it' in size <8.5> not available
(Font)              Font shape `OT1/pcr/m/sl' tried instead on input line 1.
LaTeX Font Info:    Font shape `OT1/pcr/bx/n' in size <8.5> not available
(Font)              Font shape `OT1/pcr/b/n' tried instead on input line 11.
) (code/biconected_graph.cpp

LaTeX Font Warning: Font shape `OT1/cmr/m/n' in size <8.5> not available
(Font)              size <8> substituted on input line 20.

[1{C:/ProgramData/MiKTeX/2.9/pdftex/config/pdftex.map}


]) (code/Bridges.cpp)
(code/tarjan_scc.cpp) (code/bellmanFord.cpp [2]) (code/EulerianPath.cc)
(code/toposort.cpp) [3] (code/minimum_spanning_tree.cpp) (code/LCA.cc [4])
(code/basics.cpp) (code/circle.cpp [5]) (code/centroid.cpp [6])
(code/closest_pair_points.cpp) (code/area2_pol.cpp) (code/antipodal_points.cpp)
(code/semiplane_intersection.cpp [7]) (code/contains.cpp) (code/convex_cut.cpp)
(code/polygon_width.cpp [8]) (code/rectangle_union.cpp)
(code/rectilinear_mst.cpp [9]) (code/point3d.cpp [10]) (code/convex_hull3d.cpp
[11]) (code/line_segment_intersections.cpp [12]) (code/minimal_circle.cpp)
(code/minkowski.cpp [13]) (code/mo.cpp) (code/segmentTrees.cpp [14])
("C:\Program Files\MiKTeX 2.9\tex\latex\listings\lstlang1.sty"
File: lstlang1.sty 2015/06/04 1.6 listings language file
)
(code/segmentTreeLazy.java [15]) (code/BIT.cpp) (code/disjoint_set.cpp)
(code/persistent_treaps.cpp [16] [17]) (code/prefix_function.cpp)
(code/kmp_automata.cpp
Missing character: There is no – in font pcrro7t!
Missing character: There is no ≤ in font pcrro7t!
Missing character: There is no — in font pcrro7t!
Missing character: There is no Ö in font pcrro7t!
Missing character: There is no – in font pcrro7t!
Missing character: There is no æ in font pcrro7t!
Missing character: There is no – in font pcrro7t!
Missing character: There is no ¥ in font pcrro7t!
Missing character: There is no – in font pcrro7t!
Missing character: There is no Ω in font pcrro7t!
Missing character: There is no – in font pcrro7t!
Missing character: There is no ∞ in font pcrro7t!
Missing character: There is no — in font pcrro7t!
Missing character: There is no è in font pcrro7t!
Missing character: There is no — in font pcrro7t!
Missing character: There is no Å in font pcrro7t!
Missing character: There is no — in font pcrro7t!
Missing character: There is no Ç in font pcrro7t!
Missing character: There is no — in font pcrro7t!
Missing character: There is no Ä in font pcrro7t!
Missing character: There is no – in font pcrro7t!
Missing character: There is no æ in font pcrro7t!
Missing character: There is no – in font pcrro7t!
Missing character: There is no ∫ in font pcrro7t!
Missing character: There is no – in font pcrro7t!
Missing character: There is no ∞ in font pcrro7t!
Missing character: There is no – in font pcrro7t!
Missing character: There is no º in font pcrro7t!
Missing character: There is no – in font pcrro7t!
Missing character: There is no æ in font pcrro7t!
Missing character: There is no — in font pcrro7t!
Missing character: There is no â in font pcrro7t!
Missing character: There is no – in font pcrro7t!
Missing character: There is no Ω in font pcrro7t!
Missing character: There is no – in font pcrro7t!
Missing character: There is no æ in font pcrro7t!
Missing character: There is no — in font pcrro7t!
Missing character: There is no Å in font pcrro7t!
Missing character: There is no — in font pcrro7t!
Missing character: There is no Ç in font pcrro7t!
Missing character: There is no — in font pcrro7t!
Missing character: There is no å in font pcrro7t!
Missing character: There is no – in font pcrro7t!
Missing character: There is no ∞ in font pcrro7t!
Missing character: There is no – in font pcrro7t!
Missing character: There is no ª in font pcrro7t!
Missing character: There is no — in font pcrro7t!
Missing character: There is no Ñ in font pcrro7t!
Missing character: There is no – in font pcrro7t!
Missing character: There is no ∞ in font pcrro7t!
Missing character: There is no – in font pcrro7t!
Missing character: There is no ≤ in font pcrro7t!
Missing character: There is no – in font pcrro7t!
Missing character: There is no ∏ in font pcrro7t!
Missing character: There is no — in font pcrro7t!
Missing character: There is no Ç in font pcrro7t!
Missing character: There is no – in font pcrro7t!
Missing character: There is no ∞ in font pcrro7t!
Missing character: There is no — in font pcrro7t!
Missing character: There is no Å in font pcrro7t!
Missing character: There is no – in font pcrro7t!
Missing character: There is no ∏ in font pcrro7t!
Missing character: There is no – in font pcrro7t!
Missing character: There is no º in font pcrro7t!
Missing character: There is no – in font pcrro7t!
Missing character: There is no ≤ in font pcrro7t!
Missing character: There is no – in font pcrro7t!
Missing character: There is no æ in font pcrro7t!
Missing character: There is no – in font pcrro7t!
Missing character: There is no ª in font pcrro7t!
Missing character: There is no – in font pcrro7t!
Missing character: There is no æ in font pcrro7t!
Missing character: There is no – in font pcrro7t!
Missing character: There is no ≤ in font pcrro7t!
Missing character: There is no – in font pcrro7t!
Missing character: There is no æ in font pcrro7t!
Missing character: There is no – in font pcrro7t!
Missing character: There is no ± in font pcrro7t!
Missing character: There is no — in font pcrro7t!
Missing character: There is no ã in font pcrro7t!
Missing character: There is no — in font pcrro7t!
Missing character: There is no á in font pcrro7t!
Missing character: There is no – in font pcrro7t!
Missing character: There is no Ω in font pcrro7t!
Missing character: There is no – in font pcrro7t!
Missing character: There is no æ in font pcrro7t!
Missing character: There is no – in font pcrro7t!
Missing character: There is no º in font pcrro7t!
Missing character: There is no – in font pcrro7t!
Missing character: There is no µ in font pcrro7t!
Missing character: There is no – in font pcrro7t!
Missing character: There is no Ω in font pcrro7t!
Missing character: There is no — in font pcrro7t!
Missing character: There is no å in font pcrro7t!
Missing character: There is no — in font pcrro7t!
Missing character: There is no à in font pcrro7t!
Missing character: There is no – in font pcrro7t!
Missing character: There is no µ in font pcrro7t!
) (code/suffix_array.cpp) (code/trie.cpp
Missing character: There is no √ in font pcrro7t!
Missing character: There is no ± in font pcrro7t!
Missing character: There is no √ in font pcrro7t!
Missing character: There is no ° in font pcrro7t!
Missing character: There is no √ in font pcrro7t!
Missing character: There is no ∫ in font pcrro7t!
Missing character: There is no √ in font pcrro7t!
Missing character: There is no ° in font pcrro7t!
 [18]
Missing character: There is no – in font pcrro7t!
Missing character: There is no ≤ in font pcrro7t!
Missing character: There is no – in font pcrro7t!
Missing character: There is no ∑ in font pcrro7t!
Missing character: There is no – in font pcrro7t!
Missing character: There is no ∞ in font pcrro7t!
Missing character: There is no – in font pcrro7t!
Missing character: There is no ≤ in font pcrro7t!
Missing character: There is no – in font pcrro7t!
Missing character: There is no ∏ in font pcrro7t!
Missing character: There is no — in font pcrro7t!
Missing character: There is no Å in font pcrro7t!
Missing character: There is no – in font pcrro7t!
Missing character: There is no ∏ in font pcrro7t!
Missing character: There is no – in font pcrro7t!
Missing character: There is no º in font pcrro7t!
Missing character: There is no – in font pcrro7t!
Missing character: There is no æ in font pcrro7t!
Missing character: There is no — in font pcrro7t!
Missing character: There is no Å in font pcrro7t!
Missing character: There is no — in font pcrro7t!
Missing character: There is no Ç in font pcrro7t!
Missing character: There is no – in font pcrro7t!
Missing character: There is no ∏ in font pcrro7t!
Missing character: There is no – in font pcrro7t!
Missing character: There is no æ in font pcrro7t!
Missing character: There is no — in font pcrro7t!
Missing character: There is no Ç in font pcrro7t!
Missing character: There is no – in font pcrro7t!
Missing character: There is no ∞ in font pcrro7t!
Missing character: There is no – in font pcrro7t!
Missing character: There is no ª in font pcrro7t!
Missing character: There is no — in font pcrro7t!
Missing character: There is no Ñ in font pcrro7t!
Missing character: There is no – in font pcrro7t!
Missing character: There is no ∞ in font pcrro7t!
Missing character: There is no – in font pcrro7t!
Missing character: There is no ≤ in font pcrro7t!
Missing character: There is no – in font pcrro7t!
Missing character: There is no ∏ in font pcrro7t!
Missing character: There is no — in font pcrro7t!
Missing character: There is no Ç in font pcrro7t!
Missing character: There is no – in font pcrro7t!
Missing character: There is no ∞ in font pcrro7t!
)
(code/hash.cpp) (code/Ford_fulkerson.cpp [19]) (code/Edmons_karp_min_cut.cpp)
(code/Dinic_blocking_flow.cpp [20]) (code/push_relabel.cpp [21])
(code/Hopcroft_Karp.cpp [22]) (code/Hungarian_Bipartite.cpp)
(code/math_general.cpp
Missing character: There is no √ in font pcrro7t!
Missing character: There is no ° in font pcrro7t!
Missing character: There is no √ in font pcrro7t!
Missing character: There is no ° in font pcrro7t!
Missing character: There is no √ in font pcrro7t!
Missing character: There is no ° in font pcrro7t!
Missing character: There is no √ in font pcrro7t!
Missing character: There is no ° in font pcrro7t!
) (code/MillerRabin.cc [23]) (code/Pollards_Rho.cpp
[24]) (code/Number_theory.cpp [25]) (code/FFT.cc [26]) (code/IO.cc)
(code/JavaIO_binary.java)) [27]
Package atveryend Info: Empty hook `BeforeClearDocument' on input line 84.
Package atveryend Info: Empty hook `AfterLastShipout' on input line 84.
 (notebook.aux)
Package atveryend Info: Executing hook `AtVeryEndDocument' on input line 84.
Package atveryend Info: Executing hook `AtEndAfterFileList' on input line 84.
Package rerunfilecheck Info: File `notebook.out' has not changed.
(rerunfilecheck)             Checksum: 49D6AC728FF66B894E800AB9DB4528EA;3788.


LaTeX Font Warning: Size substitutions with differences
(Font)              up to 0.5pt have occurred.

Package atveryend Info: Empty hook `AtVeryVeryEnd' on input line 84.
 ) 
Here is how much of TeX's memory you used:
 12691 strings out of 493323
 185683 string characters out of 3139066
 928396 words of memory out of 3000000
 12637 multiletter control sequences out of 15000+200000
 10216 words of font info for 37 fonts, out of 3000000 for 9000
 1141 hyphenation exceptions out of 8191
 40i,12n,68p,257b,1947s stack positions out of 5000i,500n,10000p,200000b,50000s
{C:/Program Files/MiKTeX 2.9/fonts/enc/dvips/base/8r.enc}<C:/Program Files/Mi
KTeX 2.9/fonts/type1/public/amsfonts/cm/cmbx10.pfb><C:/Program Files/MiKTeX 2.9
/fonts/type1/public/amsfonts/cm/cmbx12.pfb><C:/Program Files/MiKTeX 2.9/fonts/t
ype1/public/amsfonts/cm/cmr10.pfb><C:/Program Files/MiKTeX 2.9/fonts/type1/publ
ic/amsfonts/cm/cmr12.pfb><C:/Program Files/MiKTeX 2.9/fonts/type1/public/amsfon
ts/cm/cmr5.pfb><C:/Program Files/MiKTeX 2.9/fonts/type1/public/amsfonts/cm/cmr8
.pfb><C:/Program Files/MiKTeX 2.9/fonts/type1/urw/courier/ucrb8a.pfb><C:/Progra
m Files/MiKTeX 2.9/fonts/type1/urw/courier/ucrr8a.pfb><C:/Program Files/MiKTeX 
2.9/fonts/type1/urw/courier/ucrro8a.pfb>
Output written on notebook.pdf (27 pages, 700950 bytes).
PDF statistics:
 4387 PDF objects out of 5155 (max. 8388607)
 3356 named destinations out of 3580 (max. 500000)
 457 words of extra memory for PDF output out of 10000 (max. 10000000)

